<?xml version="1.0" encoding="UTF-8"?>
<testsuite xmlns:xsi="http://www.w3.org/2001/XMLSchema-instance" xsi:noNamespaceSchemaLocation="https://maven.apache.org/surefire/maven-surefire-plugin/xsd/surefire-test-report-3.0.xsd" version="3.0" name="org.ib.signer.AppTest" time="0.008" tests="1" errors="0" skipped="0" failures="0">
  <properties>
    <property name="java.specification.version" value="17"/>
    <property name="sun.jnu.encoding" value="UTF-8"/>
    <property name="java.class.path" value="/Users/nohder/dev/springboot/ibsigner/target/test-classes:/Users/nohder/dev/springboot/ibsigner/target/classes:/Users/nohder/dev/apache-maven-3.9.0/maven_repo/junit/junit/3.8.1/junit-3.8.1.jar:/Users/nohder/dev/apache-maven-3.9.0/maven_repo/javax/xml/bind/jaxb-api/2.3.1/jaxb-api-2.3.1.jar:/Users/nohder/dev/apache-maven-3.9.0/maven_repo/javax/activation/javax.activation-api/1.2.0/javax.activation-api-1.2.0.jar:/Users/nohder/dev/apache-maven-3.9.0/maven_repo/com/google/code/gson/gson/2.10/gson-2.10.jar:"/>
    <property name="java.vm.vendor" value="Amazon.com Inc."/>
    <property name="sun.arch.data.model" value="64"/>
    <property name="java.vendor.url" value="https://aws.amazon.com/corretto/"/>
    <property name="os.name" value="Mac OS X"/>
    <property name="java.vm.specification.version" value="17"/>
    <property name="sun.java.launcher" value="SUN_STANDARD"/>
    <property name="user.country" value="IN"/>
    <property name="sun.boot.library.path" value="/Library/Java/JavaVirtualMachines/amazon-corretto-17.jdk/Contents/Home/lib"/>
    <property name="sun.java.command" value="/Users/nohder/dev/springboot/ibsigner/target/surefire/surefirebooter-20230622110536299_3.jar /Users/nohder/dev/springboot/ibsigner/target/surefire 2023-06-22T11-05-36_210-jvmRun1 surefire-20230622110536299_1tmp surefire_0-20230622110536299_2tmp"/>
    <property name="jdk.debug" value="release"/>
    <property name="surefire.test.class.path" value="/Users/nohder/dev/springboot/ibsigner/target/test-classes:/Users/nohder/dev/springboot/ibsigner/target/classes:/Users/nohder/dev/apache-maven-3.9.0/maven_repo/junit/junit/3.8.1/junit-3.8.1.jar:/Users/nohder/dev/apache-maven-3.9.0/maven_repo/javax/xml/bind/jaxb-api/2.3.1/jaxb-api-2.3.1.jar:/Users/nohder/dev/apache-maven-3.9.0/maven_repo/javax/activation/javax.activation-api/1.2.0/javax.activation-api-1.2.0.jar:/Users/nohder/dev/apache-maven-3.9.0/maven_repo/com/google/code/gson/gson/2.10/gson-2.10.jar:"/>
    <property name="sun.cpu.endian" value="little"/>
    <property name="user.home" value="/Users/nohder"/>
    <property name="user.language" value="en"/>
    <property name="java.specification.vendor" value="Oracle Corporation"/>
    <property name="java.version.date" value="2023-01-17"/>
    <property name="java.home" value="/Library/Java/JavaVirtualMachines/amazon-corretto-17.jdk/Contents/Home"/>
    <property name="file.separator" value="/"/>
    <property name="basedir" value="/Users/nohder/dev/springboot/ibsigner"/>
    <property name="java.vm.compressedOopsMode" value="Zero based"/>
    <property name="line.separator" value="&#10;"/>
    <property name="java.vm.specification.vendor" value="Oracle Corporation"/>
    <property name="java.specification.name" value="Java Platform API Specification"/>
    <property name="surefire.real.class.path" value="/Users/nohder/dev/springboot/ibsigner/target/surefire/surefirebooter-20230622110536299_3.jar"/>
    <property name="sun.management.compiler" value="HotSpot 64-Bit Tiered Compilers"/>
    <property name="java.runtime.version" value="17.0.6+10-LTS"/>
    <property name="user.name" value="nohder"/>
    <property name="path.separator" value=":"/>
    <property name="os.version" value="13.0.1"/>
    <property name="java.runtime.name" value="OpenJDK Runtime Environment"/>
    <property name="file.encoding" value="UTF-8"/>
    <property name="java.vm.name" value="OpenJDK 64-Bit Server VM"/>
    <property name="java.vendor.version" value="Corretto-17.0.6.10.1"/>
    <property name="localRepository" value="/Users/nohder/dev/apache-maven-3.9.0/maven_repo"/>
    <property name="java.vendor.url.bug" value="https://github.com/corretto/corretto-17/issues/"/>
    <property name="java.io.tmpdir" value="/var/folders/8x/90m6hwhs7tjg6v3b9d54vw980000gn/T/"/>
    <property name="java.version" value="17.0.6"/>
    <property name="user.dir" value="/Users/nohder/dev/springboot/ibsigner"/>
    <property name="os.arch" value="aarch64"/>
    <property name="java.vm.specification.name" value="Java Virtual Machine Specification"/>
    <property name="native.encoding" value="UTF-8"/>
    <property name="java.library.path" value="/Users/nohder/Library/Java/Extensions:/Library/Java/Extensions:/Network/Library/Java/Extensions:/System/Library/Java/Extensions:/usr/lib/java:."/>
    <property name="java.vm.info" value="mixed mode, sharing"/>
    <property name="java.vendor" value="Amazon.com Inc."/>
    <property name="java.vm.version" value="17.0.6+10-LTS"/>
    <property name="sun.io.unicode.encoding" value="UnicodeBig"/>
    <property name="java.class.version" value="61.0"/>
  </properties>
  <testcase name="testApp" classname="org.ib.signer.AppTest" time="0.001"/>
</testsuite>